<?xml version="1.0" encoding="UTF-8" ?>
<testsuite tests="8" failures="0" name="TestSuite" time="13.577" errors="0" skipped="0">
  <properties>
    <property name="JOB_NAME" value="FreeCRMTestAutomation"/>
    <property name="java.vendor" value="Oracle Corporation"/>
    <property name="sun.java.launcher" value="SUN_STANDARD"/>
    <property name="RUN_TESTS_DISPLAY_URL" value="http://localhost:8080/job/FreeCRMTestAutomation/8/display/redirect?page=tests"/>
    <property name="NUMBER_OF_PROCESSORS" value="4"/>
    <property name="sun.management.compiler" value="HotSpot 64-Bit Tiered Compilers"/>
    <property name="JENKINS_HOME" value="C:\Users\anish\.jenkins"/>
    <property name="HUDSON_SERVER_COOKIE" value="eefa58623afbb9ac"/>
    <property name="POM_ARTIFACTID" value="FreeCRMAutomation"/>
    <property name="os.name" value="Windows 10"/>
    <property name="EXECUTOR_NUMBER" value="1"/>
    <property name="sun.desktop" value="windows"/>
    <property name="PATHEXT" value=".COM;.EXE;.BAT;.CMD;.VBS;.VBE;.JS;.JSE;.WSF;.WSH;.MSC"/>
    <property name="POM_DISPLAYNAME" value="FreeCRMAutomation"/>
    <property name="java.vm.specification.vendor" value="Oracle Corporation"/>
    <property name="TEMP" value="C:\Users\anish\AppData\Local\Temp"/>
    <property name="NODE_LABELS" value="built-in"/>
    <property name="java.runtime.version" value="11.0.12+8-LTS-237"/>
    <property name="user.name" value="anish"/>
    <property name="guice.disable.misplaced.annotation.check" value="true"/>
    <property name="AppsRoot" value="D"/>
    <property name="CommonProgramW6432" value="C:\Program Files\Common Files"/>
    <property name="ProgramFiles" value="C:\Program Files"/>
    <property name="PROMPT" value="$P$G"/>
    <property name="user.language" value="en"/>
    <property name="JOB_BASE_NAME" value="FreeCRMTestAutomation"/>
    <property name="RUN_CHANGES_DISPLAY_URL" value="http://localhost:8080/job/FreeCRMTestAutomation/8/display/redirect?page=changes"/>
    <property name="BUILD_DISPLAY_NAME" value="#8"/>
    <property name="OneDrive" value="C:\Users\anish\OneDrive"/>
    <property name="sun.boot.library.path" value="C:\Program Files\java\jdk-11.0.12\bin"/>
    <property name="java.vm.compressedOopsMode" value="32-bit"/>
    <property name="LOCALAPPDATA" value="C:\Users\anish\AppData\Local"/>
    <property name="java.version" value="11.0.12"/>
    <property name="user.timezone" value="America/Los_Angeles"/>
    <property name="PROCESSOR_LEVEL" value="6"/>
    <property name="USERNAME" value="anish"/>
    <property name="sun.arch.data.model" value="64"/>
    <property name="NODE_NAME" value="built-in"/>
    <property name="OneDriveConsumer" value="C:\Users\anish\OneDrive"/>
    <property name="BUILD_ID" value="8"/>
    <property name="sun.cpu.isalist" value="amd64"/>
    <property name="sun.jnu.encoding" value="Cp1252"/>
    <property name="maven.conf" value="C:\Users\anish\.jenkins\tools\hudson.tasks.Maven_MavenInstallation\MavenFreeCRMTestAutomationFramework\conf"/>
    <property name="HOMEDRIVE" value="C:"/>
    <property name="file.separator" value="\"/>
    <property name="java.specification.name" value="Java Platform API Specification"/>
    <property name="java.class.version" value="55.0"/>
    <property name="=::" value="::\"/>
    <property name="org.slf4j.simpleLogger.defaultLogLevel" value="info"/>
    <property name="user.country" value="IN"/>
    <property name="ALLUSERSPROFILE" value="C:\ProgramData"/>
    <property name="java.home" value="C:\Program Files\java\jdk-11.0.12"/>
    <property name="java.vm.info" value="mixed mode"/>
    <property name="os.version" value="10.0"/>
    <property name="RUN_DISPLAY_URL" value="http://localhost:8080/job/FreeCRMTestAutomation/8/display/redirect"/>
    <property name="POM_VERSION" value="0.0.1-SNAPSHOT"/>
    <property name="TMP" value="C:\Users\anish\AppData\Local\Temp"/>
    <property name="path.separator" value=";"/>
    <property name="RUN_ARTIFACTS_DISPLAY_URL" value="http://localhost:8080/job/FreeCRMTestAutomation/8/display/redirect?page=artifacts"/>
    <property name="java.vm.version" value="11.0.12+8-LTS-237"/>
    <property name="user.variant" value=""/>
    <property name="CommonProgramFiles(x86)" value="C:\Program Files (x86)\Common Files"/>
    <property name="JOB_DISPLAY_URL" value="http://localhost:8080/job/FreeCRMTestAutomation/display/redirect"/>
    <property name="USERDOMAIN_ROAMINGPROFILE" value="DESKTOP-NOSIB2K"/>
    <property name="java.awt.printerjob" value="sun.awt.windows.WPrinterJob"/>
    <property name="CommonProgramFiles" value="C:\Program Files\Common Files"/>
    <property name="sun.io.unicode.encoding" value="UnicodeLittle"/>
    <property name="ComSpec" value="C:\Windows\system32\cmd.exe"/>
    <property name="HOMEPATH" value="\Users\anish"/>
    <property name="awt.toolkit" value="sun.awt.windows.WToolkit"/>
    <property name="POM_PACKAGING" value="jar"/>
    <property name="COMPUTERNAME" value="DESKTOP-NOSIB2K"/>
    <property name="user.script" value=""/>
    <property name="POM_GROUPID" value="FreeCRMAutomationProject"/>
    <property name="user.home" value="C:\Users\anish"/>
    <property name="PUBLIC" value="C:\Users\Public"/>
    <property name="BUILD_TAG" value="jenkins-FreeCRMTestAutomation-8"/>
    <property name="JENKINS_SERVER_COOKIE" value="eefa58623afbb9ac"/>
    <property name="HUDSON_URL" value="http://localhost:8080/"/>
    <property name="ProgramData" value="C:\ProgramData"/>
    <property name="java.version.date" value="2021-07-20"/>
    <property name="java.specification.vendor" value="Oracle Corporation"/>
    <property name="USERPROFILE" value="C:\Users\anish"/>
    <property name="CLASSPATH" value=""/>
    <property name="java.library.path" value="C:\Program Files\java\jdk-11.0.12\bin;C:\Windows\Sun\Java\bin;C:\Windows\system32;C:\Windows;C:\Users\anish\.jenkins\tools\hudson.tasks.Maven_MavenInstallation\MavenFreeCRMTestAutomationFramework/bin;C:\Program Files (x86)\Intel\iCLS Client\;C:\Program Files\Intel\iCLS Client\;C:\Windows\system32;C:\Windows;C:\Windows\System32\Wbem;C:\Windows\System32\WindowsPowerShell\v1.0\;C:\Windows\System32\OpenSSH\;C:\Program Files\apache-maven-3.8.2\bin;C:\Program Files\Google\Chrome\Application;C:\Program Files\eclipse;C:\Program Files\java\jdk-11.0.12\bin;C:\Users\anish\AppData\Local\Microsoft\WindowsApps;;."/>
    <property name="java.vendor.url" value="https://openjdk.java.net/"/>
    <property name="java.vm.vendor" value="Oracle Corporation"/>
    <property name="APPDATA" value="C:\Users\anish\AppData\Roaming"/>
    <property name="java.runtime.name" value="Java(TM) SE Runtime Environment"/>
    <property name="maven.home" value="C:\Users\anish\.jenkins\tools\hudson.tasks.Maven_MavenInstallation\MavenFreeCRMTestAutomationFramework"/>
    <property name="java.class.path" value="C:\Users\anish\.jenkins\plugins\maven-plugin\WEB-INF\lib\maven35-agent-1.13.jar;C:\Users\anish\.jenkins\tools\hudson.tasks.Maven_MavenInstallation\MavenFreeCRMTestAutomationFramework\boot\plexus-classworlds-2.6.0.jar;C:\Users\anish\.jenkins\tools\hudson.tasks.Maven_MavenInstallation\MavenFreeCRMTestAutomationFramework/conf/logging"/>
    <property name="sun.java.command" value="jenkins.maven3.agent.Maven35Main C:\Users\anish\.jenkins\tools\hudson.tasks.Maven_MavenInstallation\MavenFreeCRMTestAutomationFramework C:\Users\anish\.jenkins\war\WEB-INF\lib\remoting-4.10.jar C:\Users\anish\.jenkins\plugins\maven-plugin\WEB-INF\lib\maven35-interceptor-1.13.jar C:\Users\anish\.jenkins\plugins\maven-plugin\WEB-INF\lib\maven3-interceptor-commons-1.13.jar 52685"/>
    <property name="Path" value="C:\Program Files (x86)\Intel\iCLS Client\;C:\Program Files\Intel\iCLS Client\;C:\Windows\system32;C:\Windows;C:\Windows\System32\Wbem;C:\Windows\System32\WindowsPowerShell\v1.0\;C:\Windows\System32\OpenSSH\;C:\Program Files\apache-maven-3.8.2\bin;C:\Program Files\Google\Chrome\Application;C:\Program Files\eclipse;C:\Program Files\java\jdk-11.0.12\bin;C:\Users\anish\AppData\Local\Microsoft\WindowsApps;"/>
    <property name="jdk.debug" value="release"/>
    <property name="PROCESSOR_ARCHITECTURE" value="AMD64"/>
    <property name="java.vm.specification.name" value="Java Virtual Machine Specification"/>
    <property name="jansi.mode" value="strip"/>
    <property name="SESSIONNAME" value="Console"/>
    <property name="PROCESSOR_IDENTIFIER" value="Intel64 Family 6 Model 61 Stepping 4, GenuineIntel"/>
    <property name="java.vm.specification.version" value="11"/>
    <property name="M2_HOME" value="C:\Users\anish\.jenkins\tools\hudson.tasks.Maven_MavenInstallation\MavenFreeCRMTestAutomationFramework"/>
    <property name="sun.cpu.endian" value="little"/>
    <property name="sun.os.patch.level" value=""/>
    <property name="OS" value="Windows_NT"/>
    <property name="CI" value="true"/>
    <property name="java.io.tmpdir" value="C:\Users\anish\AppData\Local\Temp\"/>
    <property name="HUDSON_HOME" value="C:\Users\anish\.jenkins"/>
    <property name="PATH+MAVEN" value="C:\Users\anish\.jenkins\tools\hudson.tasks.Maven_MavenInstallation\MavenFreeCRMTestAutomationFramework/bin"/>
    <property name="ProgramFiles(x86)" value="C:\Program Files (x86)"/>
    <property name="java.vendor.url.bug" value="https://bugreport.java.com/bugreport/"/>
    <property name="BUILD_URL" value="http://localhost:8080/job/FreeCRMTestAutomation/8/"/>
    <property name="SystemRoot" value="C:\Windows"/>
    <property name="os.arch" value="amd64"/>
    <property name="java.awt.graphicsenv" value="sun.awt.Win32GraphicsEnvironment"/>
    <property name="user.dir" value="C:\Users\anish\eclipse-workspace\FreeCRMAutomation"/>
    <property name="JOB_URL" value="http://localhost:8080/job/FreeCRMTestAutomation/"/>
    <property name="LOGONSERVER" value="\\DESKTOP-NOSIB2K"/>
    <property name="USERDOMAIN" value="DESKTOP-NOSIB2K"/>
    <property name="MAVEN_HOME" value="C:\Users\anish\.jenkins\tools\hudson.tasks.Maven_MavenInstallation\MavenFreeCRMTestAutomationFramework"/>
    <property name="line.separator" value="
"/>
    <property name="java.vm.name" value="Java HotSpot(TM) 64-Bit Server VM"/>
    <property name="BUILD_NUMBER" value="8"/>
    <property name="PROCESSOR_REVISION" value="3d04"/>
    <property name="JENKINS_URL" value="http://localhost:8080/"/>
    <property name="ProgramW6432" value="C:\Program Files"/>
    <property name="windir" value="C:\Windows"/>
    <property name="=C:" value="C:\Jenkins"/>
    <property name="file.encoding" value="Cp1252"/>
    <property name="SystemDrive" value="C:"/>
    <property name="maven3.interceptor" value="C:\Users\anish\.jenkins\plugins\maven-plugin\WEB-INF\lib\maven35-interceptor-1.13.jar"/>
    <property name="WORKSPACE_TMP" value="C:\Users\anish\.jenkins\workspace\FreeCRMTestAutomation@tmp"/>
    <property name="WORKSPACE" value="C:\Users\anish\.jenkins\workspace\FreeCRMTestAutomation"/>
    <property name="maven3.interceptor.common" value="C:\Users\anish\.jenkins\plugins\maven-plugin\WEB-INF\lib\maven3-interceptor-commons-1.13.jar"/>
    <property name="PSModulePath" value="C:\Program Files\WindowsPowerShell\Modules;C:\Windows\system32\WindowsPowerShell\v1.0\Modules"/>
    <property name="java.specification.version" value="11"/>
    <property name="DriverData" value="C:\Windows\System32\Drivers\DriverData"/>
    <property name="java.vendor.version" value="18.9"/>
  </properties>
  <testcase classname="org.crm.selenium.tests.HomePageTest" name="verifyHomepageTitletest" time="0.037"/>
  <testcase classname="org.crm.selenium.tests.HomePageTest" name="verifyUsernameTest" time="0.174"/>
  <testcase classname="org.crm.selenium.tests.HomePageTest" name="verifyContactPageLinkTest" time="2.217"/>
  <testcase classname="org.crm.selenium.tests.HomePageTest" name="verifyDealsPageLinkTest" time="1.822"/>
  <testcase classname="org.crm.selenium.tests.HomePageTest" name="verifyTasksPageLinkTest" time="1.693"/>
  <testcase classname="org.crm.selenium.tests.LoginPageTest" name="LoginPageTitleTest" time="0.048"/>
  <testcase classname="org.crm.selenium.tests.LoginPageTest" name="CRMLogoValidationTest" time="0.194"/>
  <testcase classname="org.crm.selenium.tests.LoginPageTest" name="LoginTest" time="7.392"/>
</testsuite>