<?xml version="1.0" encoding="UTF-8"?>
<!-- Generated by org.testng.reporters.JUnitReportReporter -->
<testsuite hostname="DESKTOP-NOSIB2K" failures="0" tests="5" name="org.crm.selenium.tests.HomePageTest" time="77.033" errors="0" timestamp="2021-10-08T22:49:57 GMT-07:00" skipped="0">
  <testcase classname="org.crm.selenium.tests.HomePageTest" name="verifyHomepageTitletest" time="12.038"/>
  <system-out/>
  <testcase classname="org.crm.selenium.tests.HomePageTest" name="verifyUsernameTest" time="12.430"/>
  <system-out/>
  <testcase classname="org.crm.selenium.tests.HomePageTest" name="verifyContactPageLinkTest" time="16.855"/>
  <system-out/>
  <testcase classname="org.crm.selenium.tests.HomePageTest" name="verifyDealsPageLinkTest" time="20.435"/>
  <system-out/>
  <testcase classname="org.crm.selenium.tests.HomePageTest" name="verifyTasksPageLinkTest" time="15.275"/>
  <system-out/>
</testsuite> <!-- org.crm.selenium.tests.HomePageTest -->
