<?xml version="1.0" encoding="UTF-8"?>
<!-- Generated by org.testng.reporters.JUnitReportReporter -->
<testsuite hostname="DESKTOP-NOSIB2K" failures="0" tests="3" name="org.crm.selenium.tests.LoginPageTest" time="29.278" errors="0" timestamp="2021-10-08T22:49:57 GMT-07:00" skipped="0">
  <testcase classname="org.crm.selenium.tests.LoginPageTest" name="LoginPageTitleTest" time="6.575"/>
  <system-out/>
  <testcase classname="org.crm.selenium.tests.LoginPageTest" name="CRMLogoValidationTest" time="7.669"/>
  <system-out/>
  <testcase classname="org.crm.selenium.tests.LoginPageTest" name="LoginTest" time="15.034"/>
  <system-out/>
</testsuite> <!-- org.crm.selenium.tests.LoginPageTest -->
